[0802/105937.710:ERROR:process_memory_win.cc(73)] ReadMemory at 0x13fb90000 of 64 bytes failed: Запрос ReadProcessMemory или WriteProcessMemory был выполнен только частично. (0x12B)
[0802/105937.718:WARNING:pe_image_reader.cc(340)] could not read dos header from C:\Program Files (x86)\Google\Chrome\Application\chrome.exe
[0802/105937.718:ERROR:process_memory_win.cc(73)] ReadMemory at 0x77c00000 of 64 bytes failed: Запрос ReadProcessMemory или WriteProcessMemory был выполнен только частично. (0x12B)
[0802/105937.718:WARNING:pe_image_reader.cc(340)] could not read dos header from C:\Windows\SYSTEM32\ntdll.dll
[0802/105937.719:ERROR:process_memory_win.cc(73)] ReadMemory at 0x779e0000 of 64 bytes failed: Запрос ReadProcessMemory или WriteProcessMemory был выполнен только частично. (0x12B)
[0802/105937.719:WARNING:pe_image_reader.cc(340)] could not read dos header from C:\Windows\system32\kernel32.dll
[0802/105937.719:ERROR:process_memory_win.cc(73)] ReadMemory at 0x7fefdc90000 of 64 bytes failed: Запрос ReadProcessMemory или WriteProcessMemory был выполнен только частично. (0x12B)
[0802/105937.719:WARNING:pe_image_reader.cc(340)] could not read dos header from C:\Windows\system32\KERNELBASE.dll
[0802/105937.719:ERROR:process_memory_win.cc(73)] ReadMemory at 0x7feef980000 of 64 bytes failed: Запрос ReadProcessMemory или WriteProcessMemory был выполнен только частично. (0x12B)
[0802/105937.719:WARNING:pe_image_reader.cc(340)] could not read dos header from C:\Program Files (x86)\Google\Chrome\Application\84.0.4147.89\chrome_elf.dll
[0802/105937.719:ERROR:process_memory_win.cc(73)] ReadMemory at 0x7fefca90000 of 64 bytes failed: Запрос ReadProcessMemory или WriteProcessMemory был выполнен только частично. (0x12B)
[0802/105937.719:WARNING:pe_image_reader.cc(340)] could not read dos header from C:\Windows\system32\VERSION.dll
[0802/105937.719:ERROR:process_memory_win.cc(73)] ReadMemory at 0x7feffab0000 of 64 bytes failed: Запрос ReadProcessMemory или WriteProcessMemory был выполнен только частично. (0x12B)
[0802/105937.719:WARNING:pe_image_reader.cc(340)] could not read dos header from C:\Windows\system32\msvcrt.dll
[0802/105937.719:ERROR:process_memory_win.cc(73)] ReadMemory at 0x7fef83c0000 of 64 bytes failed: Запрос ReadProcessMemory или WriteProcessMemory был выполнен только частично. (0x12B)
[0802/105937.719:WARNING:pe_image_reader.cc(340)] could not read dos header from C:\Windows\system32\api-ms-win-core-synch-l1-2-0.DLL
[0802/105937.719:ERROR:process_memory_win.cc(73)] ReadMemory at 0x7feffe40000 of 64 bytes failed: Запрос ReadProcessMemory или WriteProcessMemory был выполнен только частично. (0x12B)
[0802/105937.719:WARNING:pe_image_reader.cc(340)] could not read dos header from C:\Windows\system32\GDI32.dll
[0802/105937.719:ERROR:process_memory_win.cc(73)] ReadMemory at 0x10a0000 of 64 bytes failed: Запрос ReadProcessMemory или WriteProcessMemory был выполнен только частично. (0x12B)
[0802/105937.719:WARNING:pe_image_reader.cc(340)] could not read dos header from C:\Windows\system32\USER32.dll
[0802/105937.719:ERROR:process_memory_win.cc(73)] ReadMemory at 0x7feffed0000 of 64 bytes failed: Запрос ReadProcessMemory или WriteProcessMemory был выполнен только частично. (0x12B)
[0802/105937.719:WARNING:pe_image_reader.cc(340)] could not read dos header from C:\Windows\system32\LPK.dll
[0802/105937.719:ERROR:process_memory_win.cc(73)] ReadMemory at 0x7feff9d0000 of 64 bytes failed: Запрос ReadProcessMemory или WriteProcessMemory был выполнен только частично. (0x12B)
[0802/105937.719:WARNING:pe_image_reader.cc(340)] could not read dos header from C:\Windows\system32\USP10.dll
[0802/105937.719:ERROR:process_memory_win.cc(73)] ReadMemory at 0x7feff110000 of 64 bytes failed: Запрос ReadProcessMemory или WriteProcessMemory был выполнен только частично. (0x12B)
[0802/105937.719:WARNING:pe_image_reader.cc(340)] could not read dos header from C:\Windows\system32\IMM32.DLL
[0802/105937.719:ERROR:process_memory_win.cc(73)] ReadMemory at 0x7fefdfa0000 of 64 bytes failed: Запрос ReadProcessMemory или WriteProcessMemory был выполнен только частично. (0x12B)
[0802/105937.720:WARNING:pe_image_reader.cc(340)] could not read dos header from C:\Windows\system32\MSCTF.dll
[0802/105937.720:ERROR:process_memory_win.cc(73)] ReadMemory at 0x7fefd8f0000 of 64 bytes failed: Запрос ReadProcessMemory или WriteProcessMemory был выполнен только частично. (0x12B)
[0802/105937.720:WARNING:pe_image_reader.cc(340)] could not read dos header from C:\Windows\system32\nvinitx.dll
[0802/105937.720:ERROR:process_memory_win.cc(73)] ReadMemory at 0x7feffd60000 of 64 bytes failed: Запрос ReadProcessMemory или WriteProcessMemory был выполнен только частично. (0x12B)
[0802/105937.720:WARNING:pe_image_reader.cc(340)] could not read dos header from C:\Windows\system32\ADVAPI32.dll
[0802/105937.720:ERROR:process_memory_win.cc(73)] ReadMemory at 0x7feff750000 of 64 bytes failed: Запрос ReadProcessMemory или WriteProcessMemory был выполнен только частично. (0x12B)
[0802/105937.720:WARNING:pe_image_reader.cc(340)] could not read dos header from C:\Windows\SYSTEM32\sechost.dll
[0802/105937.720:ERROR:process_memory_win.cc(73)] ReadMemory at 0x7feff140000 of 64 bytes failed: Запрос ReadProcessMemory или WriteProcessMemory был выполнен только частично. (0x12B)
[0802/105937.720:WARNING:pe_image_reader.cc(340)] could not read dos header from C:\Windows\system32\RPCRT4.dll
[0802/105937.720:ERROR:process_memory_win.cc(73)] ReadMemory at 0xf000000 of 64 bytes failed: Запрос ReadProcessMemory или WriteProcessMemory был выполнен только частично. (0x12B)
[0802/105937.720:WARNING:pe_image_reader.cc(340)] could not read dos header from C:\Program Files\NVIDIA Corporation\CoProcManager\detoured.dll
[0802/105937.720:ERROR:process_memory_win.cc(73)] ReadMemory at 0x7fef0f20000 of 64 bytes failed: Запрос ReadProcessMemory или WriteProcessMemory был выполнен только частично. (0x12B)
[0802/105937.720:WARNING:pe_image_reader.cc(340)] could not read dos header from C:\Program Files\NVIDIA Corporation\CoProcManager\nvd3d9wrapx.dll
[0802/105937.720:ERROR:process_memory_win.cc(73)] ReadMemory at 0x7fefddc0000 of 64 bytes failed: Запрос ReadProcessMemory или WriteProcessMemory был выполнен только частично. (0x12B)
[0802/105937.720:WARNING:pe_image_reader.cc(340)] could not read dos header from C:\Windows\system32\SETUPAPI.dll
[0802/105937.720:ERROR:process_memory_win.cc(73)] ReadMemory at 0x7fefdba0000 of 64 bytes failed: Запрос ReadProcessMemory или WriteProcessMemory был выполнен только частично. (0x12B)
[0802/105937.720:WARNING:pe_image_reader.cc(340)] could not read dos header from C:\Windows\system32\CFGMGR32.dll
[0802/105937.720:ERROR:process_memory_win.cc(73)] ReadMemory at 0x7feff7d0000 of 64 bytes failed: Запрос ReadProcessMemory или WriteProcessMemory был выполнен только частично. (0x12B)
[0802/105937.720:WARNING:pe_image_reader.cc(340)] could not read dos header from C:\Windows\system32\OLEAUT32.dll
[0802/105937.720:ERROR:process_memory_win.cc(73)] ReadMemory at 0x7feffb50000 of 64 bytes failed: Запрос ReadProcessMemory или WriteProcessMemory был выполнен только частично. (0x12B)
[0802/105937.720:WARNING:pe_image_reader.cc(340)] could not read dos header from C:\Windows\system32\ole32.dll
[0802/105937.720:ERROR:process_memory_win.cc(73)] ReadMemory at 0x7fefdd00000 of 64 bytes failed: Запрос ReadProcessMemory или WriteProcessMemory был выполнен только частично. (0x12B)
[0802/105937.720:WARNING:pe_image_reader.cc(340)] could not read dos header from C:\Windows\system32\DEVOBJ.dll
[0802/105937.720:ERROR:process_memory_win.cc(73)] ReadMemory at 0x7fef06d0000 of 64 bytes failed: Запрос ReadProcessMemory или WriteProcessMemory был выполнен только частично. (0x12B)
[0802/105937.720:WARNING:pe_image_reader.cc(340)] could not read dos header from C:\Program Files\NVIDIA Corporation\CoProcManager\nvdxgiwrapx.dll
[0802/105937.720:ERROR:process_memory_win.cc(73)] ReadMemory at 0x7fee46c0000 of 64 bytes failed: Запрос ReadProcessMemory или WriteProcessMemory был выполнен только частично. (0x12B)
[0802/105937.720:WARNING:pe_image_reader.cc(340)] could not read dos header from C:\Program Files (x86)\Google\Chrome\Application\84.0.4147.89\chrome.dll
[0802/105937.720:ERROR:process_memory_win.cc(73)] ReadMemory at 0x7fefef60000 of 64 bytes failed: Запрос ReadProcessMemory или WriteProcessMemory был выполнен только частично. (0x12B)
[0802/105937.720:WARNING:pe_image_reader.cc(340)] could not read dos header from C:\Windows\system32\WS2_32.dll
[0802/105937.720:ERROR:process_memory_win.cc(73)] ReadMemory at 0x7feffaa0000 of 64 bytes failed: Запрос ReadProcessMemory или WriteProcessMemory был выполнен только частично. (0x12B)
[0802/105937.720:WARNING:pe_image_reader.cc(340)] could not read dos header from C:\Windows\system32\NSI.dll
[0802/105937.721:ERROR:process_memory_win.cc(73)] ReadMemory at 0x7fefb1f0000 of 64 bytes failed: Запрос ReadProcessMemory или WriteProcessMemory был выполнен только частично. (0x12B)
[0802/105937.721:WARNING:pe_image_reader.cc(340)] could not read dos header from C:\Windows\system32\IPHLPAPI.DLL
[0802/105937.721:ERROR:process_memory_win.cc(73)] ReadMemory at 0x7fefb1d0000 of 64 bytes failed: Запрос ReadProcessMemory или WriteProcessMemory был выполнен только частично. (0x12B)
[0802/105937.721:WARNING:pe_image_reader.cc(340)] could not read dos header from C:\Windows\system32\WINNSI.DLL
[0802/105937.721:ERROR:process_memory_win.cc(73)] ReadMemory at 0x7fefa910000 of 64 bytes failed: Запрос ReadProcessMemory или WriteProcessMemory был выполнен только частично. (0x12B)
[0802/105937.721:WARNING:pe_image_reader.cc(340)] could not read dos header from C:\Windows\system32\WINMM.dll
[0802/105937.721:ERROR:process_memory_win.cc(73)] ReadMemory at 0x7fefd760000 of 64 bytes failed: Запрос ReadProcessMemory или WriteProcessMemory был выполнен только частично. (0x12B)
[0802/105937.721:WARNING:pe_image_reader.cc(340)] could not read dos header from C:\Windows\system32\Secur32.dll
[0802/105937.721:ERROR:process_memory_win.cc(73)] ReadMemory at 0x7fefd790000 of 64 bytes failed: Запрос ReadProcessMemory или WriteProcessMemory был выполнен только частично. (0x12B)
[0802/105937.721:WARNING:pe_image_reader.cc(340)] could not read dos header from C:\Windows\system32\SSPICLI.DLL
[0802/105937.721:ERROR:process_memory_win.cc(73)] ReadMemory at 0x7fefdc00000 of 64 bytes failed: Запрос ReadProcessMemory или WriteProcessMemory был выполнен только частично. (0x12B)
[0802/105937.721:WARNING:pe_image_reader.cc(340)] could not read dos header from C:\Windows\system32\USERENV.dll
[0802/105937.721:ERROR:process_memory_win.cc(73)] ReadMemory at 0x7fefda10000 of 64 bytes failed: Запрос ReadProcessMemory или WriteProcessMemory был выполнен только частично. (0x12B)
[0802/105937.721:WARNING:pe_image_reader.cc(340)] could not read dos header from C:\Windows\system32\profapi.dll
[0802/105937.721:ERROR:process_memory_win.cc(73)] ReadMemory at 0x7fefdc40000 of 64 bytes failed: Запрос ReadProcessMemory или WriteProcessMemory был выполнен только частично. (0x12B)
[0802/105937.721:WARNING:pe_image_reader.cc(340)] could not read dos header from C:\Windows\system32\WINTRUST.dll
[0802/105937.721:ERROR:process_memory_win.cc(73)] ReadMemory at 0x7fefda30000 of 64 bytes failed: Запрос ReadProcessMemory или WriteProcessMemory был выполнен только частично. (0x12B)
[0802/105937.721:WARNING:pe_image_reader.cc(340)] could not read dos header from C:\Windows\system32\CRYPT32.dll
[0802/105937.721:ERROR:process_memory_win.cc(73)] ReadMemory at 0x7fefda00000 of 64 bytes failed: Запрос ReadProcessMemory или WriteProcessMemory был выполнен только частично. (0x12B)
[0802/105937.721:WARNING:pe_image_reader.cc(340)] could not read dos header from C:\Windows\system32\MSASN1.dll
[0802/105937.721:ERROR:process_memory_win.cc(73)] ReadMemory at 0x7fef4ef0000 of 64 bytes failed: Запрос ReadProcessMemory или WriteProcessMemory был выполнен только частично. (0x12B)
[0802/105937.721:WARNING:pe_image_reader.cc(340)] could not read dos header from C:\Windows\system32\UIAutomationCore.DLL
[0802/105937.721:ERROR:process_memory_win.cc(73)] ReadMemory at 0x77dc0000 of 64 bytes failed: Запрос ReadProcessMemory или WriteProcessMemory был выполнен только частично. (0x12B)
[0802/105937.721:WARNING:pe_image_reader.cc(340)] could not read dos header from C:\Windows\system32\PSAPI.DLL
[0802/105937.721:ERROR:process_memory_win.cc(73)] ReadMemory at 0x7fef3ff0000 of 64 bytes failed: Запрос ReadProcessMemory или WriteProcessMemory был выполнен только частично. (0x12B)
[0802/105937.721:WARNING:pe_image_reader.cc(340)] could not read dos header from C:\Windows\system32\OLEACC.dll
[0802/105937.721:ERROR:process_memory_win.cc(73)] ReadMemory at 0x7fef3950000 of 64 bytes failed: Запрос ReadProcessMemory или WriteProcessMemory был выполнен только частично. (0x12B)
[0802/105937.721:WARNING:pe_image_reader.cc(340)] could not read dos header from C:\Windows\system32\DWrite.dll
[0802/105937.721:ERROR:process_memory_win.cc(73)] ReadMemory at 0x7fefad90000 of 64 bytes failed: Запрос ReadProcessMemory или WriteProcessMemory был выполнен только частично. (0x12B)
[0802/105937.721:WARNING:pe_image_reader.cc(340)] could not read dos header from C:\Windows\system32\WINSPOOL.DRV
[0802/105937.721:ERROR:process_memory_win.cc(73)] ReadMemory at 0x7fef8290000 of 64 bytes failed: Запрос ReadProcessMemory или WriteProcessMemory был выполнен только частично. (0x12B)
[0802/105937.721:WARNING:pe_image_reader.cc(340)] could not read dos header from C:\Windows\system32\dbghelp.dll
[0802/105937.721:ERROR:process_memory_win.cc(73)] ReadMemory at 0x7fef8ee0000 of 64 bytes failed: Запрос ReadProcessMemory или WriteProcessMemory был выполнен только частично. (0x12B)
[0802/105937.721:WARNING:pe_image_reader.cc(340)] could not read dos header from C:\Windows\system32\WINHTTP.dll
[0802/105937.721:ERROR:process_memory_win.cc(73)] ReadMemory at 0x7fef8e70000 of 64 bytes failed: Запрос ReadProcessMemory или WriteProcessMemory был выполнен только частично. (0x12B)
[0802/105937.721:WARNING:pe_image_reader.cc(340)] could not read dos header from C:\Windows\system32\webio.dll
[0802/105937.721:ERROR:process_memory_win.cc(73)] ReadMemory at 0x7fefaf70000 of 64 bytes failed: Запрос ReadProcessMemory или WriteProcessMemory был выполнен только частично. (0x12B)
[0802/105937.721:WARNING:pe_image_reader.cc(340)] could not read dos header from C:\Windows\system32\dhcpcsvc.DLL
[0802/105937.721:ERROR:process_memory_win.cc(73)] ReadMemory at 0x7fefd820000 of 64 bytes failed: Запрос ReadProcessMemory или WriteProcessMemory был выполнен только частично. (0x12B)
[0802/105937.721:WARNING:pe_image_reader.cc(340)] could not read dos header from C:\Windows\system32\cryptbase.dll
[0802/105937.721:ERROR:process_memory_win.cc(73)] ReadMemory at 0x7fefbf90000 of 64 bytes failed: Запрос ReadProcessMemory или WriteProcessMemory был выполнен только частично. (0x12B)
[0802/105937.721:WARNING:pe_image_reader.cc(340)] could not read dos header from C:\Windows\system32\uxtheme.dll
[0802/105937.767:ERROR:process_memory_win.cc(73)] ReadMemory at 0x13fb90000 of 64 bytes failed: Запрос ReadProcessMemory или WriteProcessMemory был выполнен только частично. (0x12B)
[0802/105937.768:WARNING:pe_image_reader.cc(340)] could not read dos header from C:\Program Files (x86)\Google\Chrome\Application\chrome.exe
[0802/105937.768:ERROR:process_memory_win.cc(73)] ReadMemory at 0x77c00000 of 64 bytes failed: Запрос ReadProcessMemory или WriteProcessMemory был выполнен только частично. (0x12B)
[0802/105937.768:WARNING:pe_image_reader.cc(340)] could not read dos header from C:\Windows\SYSTEM32\ntdll.dll
[0802/105937.768:ERROR:process_memory_win.cc(73)] ReadMemory at 0x779e0000 of 64 bytes failed: Запрос ReadProcessMemory или WriteProcessMemory был выполнен только частично. (0x12B)
[0802/105937.768:WARNING:pe_image_reader.cc(340)] could not read dos header from C:\Windows\system32\kernel32.dll
[0802/105937.768:ERROR:process_memory_win.cc(73)] ReadMemory at 0x7fefdc90000 of 64 bytes failed: Запрос ReadProcessMemory или WriteProcessMemory был выполнен только частично. (0x12B)
[0802/105937.768:WARNING:pe_image_reader.cc(340)] could not read dos header from C:\Windows\system32\KERNELBASE.dll
[0802/105937.768:ERROR:process_memory_win.cc(73)] ReadMemory at 0x7feef980000 of 64 bytes failed: Запрос ReadProcessMemory или WriteProcessMemory был выполнен только частично. (0x12B)
[0802/105937.768:WARNING:pe_image_reader.cc(340)] could not read dos header from C:\Program Files (x86)\Google\Chrome\Application\84.0.4147.89\chrome_elf.dll
[0802/105937.768:ERROR:process_memory_win.cc(73)] ReadMemory at 0x7fefca90000 of 64 bytes failed: Запрос ReadProcessMemory или WriteProcessMemory был выполнен только частично. (0x12B)
[0802/105937.768:WARNING:pe_image_reader.cc(340)] could not read dos header from C:\Windows\system32\VERSION.dll
[0802/105937.768:ERROR:process_memory_win.cc(73)] ReadMemory at 0x7feffab0000 of 64 bytes failed: Запрос ReadProcessMemory или WriteProcessMemory был выполнен только частично. (0x12B)
[0802/105937.768:WARNING:pe_image_reader.cc(340)] could not read dos header from C:\Windows\system32\msvcrt.dll
[0802/105937.768:ERROR:process_memory_win.cc(73)] ReadMemory at 0x7fef83c0000 of 64 bytes failed: Запрос ReadProcessMemory или WriteProcessMemory был выполнен только частично. (0x12B)
[0802/105937.768:WARNING:pe_image_reader.cc(340)] could not read dos header from C:\Windows\system32\api-ms-win-core-synch-l1-2-0.DLL
[0802/105937.768:ERROR:process_memory_win.cc(73)] ReadMemory at 0x7feffe40000 of 64 bytes failed: Запрос ReadProcessMemory или WriteProcessMemory был выполнен только частично. (0x12B)
[0802/105937.768:WARNING:pe_image_reader.cc(340)] could not read dos header from C:\Windows\system32\GDI32.dll
[0802/105937.768:ERROR:process_memory_win.cc(73)] ReadMemory at 0x10a0000 of 64 bytes failed: Запрос ReadProcessMemory или WriteProcessMemory был выполнен только частично. (0x12B)
[0802/105937.768:WARNING:pe_image_reader.cc(340)] could not read dos header from C:\Windows\system32\USER32.dll
[0802/105937.768:ERROR:process_memory_win.cc(73)] ReadMemory at 0x7feffed0000 of 64 bytes failed: Запрос ReadProcessMemory или WriteProcessMemory был выполнен только частично. (0x12B)
[0802/105937.768:WARNING:pe_image_reader.cc(340)] could not read dos header from C:\Windows\system32\LPK.dll
[0802/105937.768:ERROR:process_memory_win.cc(73)] ReadMemory at 0x7feff9d0000 of 64 bytes failed: Запрос ReadProcessMemory или WriteProcessMemory был выполнен только частично. (0x12B)
[0802/105937.768:WARNING:pe_image_reader.cc(340)] could not read dos header from C:\Windows\system32\USP10.dll
[0802/105937.768:ERROR:process_memory_win.cc(73)] ReadMemory at 0x7feff110000 of 64 bytes failed: Запрос ReadProcessMemory или WriteProcessMemory был выполнен только частично. (0x12B)
[0802/105937.768:WARNING:pe_image_reader.cc(340)] could not read dos header from C:\Windows\system32\IMM32.DLL
[0802/105937.768:ERROR:process_memory_win.cc(73)] ReadMemory at 0x7fefdfa0000 of 64 bytes failed: Запрос ReadProcessMemory или WriteProcessMemory был выполнен только частично. (0x12B)
[0802/105937.768:WARNING:pe_image_reader.cc(340)] could not read dos header from C:\Windows\system32\MSCTF.dll
[0802/105937.768:ERROR:process_memory_win.cc(73)] ReadMemory at 0x7fefd8f0000 of 64 bytes failed: Запрос ReadProcessMemory или WriteProcessMemory был выполнен только частично. (0x12B)
[0802/105937.768:WARNING:pe_image_reader.cc(340)] could not read dos header from C:\Windows\system32\nvinitx.dll
[0802/105937.768:ERROR:process_memory_win.cc(73)] ReadMemory at 0x7feffd60000 of 64 bytes failed: Запрос ReadProcessMemory или WriteProcessMemory был выполнен только частично. (0x12B)
[0802/105937.768:WARNING:pe_image_reader.cc(340)] could not read dos header from C:\Windows\system32\ADVAPI32.dll
[0802/105937.768:ERROR:process_memory_win.cc(73)] ReadMemory at 0x7feff750000 of 64 bytes failed: Запрос ReadProcessMemory или WriteProcessMemory был выполнен только частично. (0x12B)
[0802/105937.768:WARNING:pe_image_reader.cc(340)] could not read dos header from C:\Windows\SYSTEM32\sechost.dll
[0802/105937.768:ERROR:process_memory_win.cc(73)] ReadMemory at 0x7feff140000 of 64 bytes failed: Запрос ReadProcessMemory или WriteProcessMemory был выполнен только частично. (0x12B)
[0802/105937.768:WARNING:pe_image_reader.cc(340)] could not read dos header from C:\Windows\system32\RPCRT4.dll
[0802/105937.768:ERROR:process_memory_win.cc(73)] ReadMemory at 0xf000000 of 64 bytes failed: Запрос ReadProcessMemory или WriteProcessMemory был выполнен только частично. (0x12B)
[0802/105937.768:WARNING:pe_image_reader.cc(340)] could not read dos header from C:\Program Files\NVIDIA Corporation\CoProcManager\detoured.dll
[0802/105937.768:ERROR:process_memory_win.cc(73)] ReadMemory at 0x7fef0f20000 of 64 bytes failed: Запрос ReadProcessMemory или WriteProcessMemory был выполнен только частично. (0x12B)
[0802/105937.768:WARNING:pe_image_reader.cc(340)] could not read dos header from C:\Program Files\NVIDIA Corporation\CoProcManager\nvd3d9wrapx.dll
[0802/105937.768:ERROR:process_memory_win.cc(73)] ReadMemory at 0x7fefddc0000 of 64 bytes failed: Запрос ReadProcessMemory или WriteProcessMemory был выполнен только частично. (0x12B)
[0802/105937.768:WARNING:pe_image_reader.cc(340)] could not read dos header from C:\Windows\system32\SETUPAPI.dll
[0802/105937.768:ERROR:process_memory_win.cc(73)] ReadMemory at 0x7fefdba0000 of 64 bytes failed: Запрос ReadProcessMemory или WriteProcessMemory был выполнен только частично. (0x12B)
[0802/105937.768:WARNING:pe_image_reader.cc(340)] could not read dos header from C:\Windows\system32\CFGMGR32.dll
[0802/105937.769:ERROR:process_memory_win.cc(73)] ReadMemory at 0x7feff7d0000 of 64 bytes failed: Запрос ReadProcessMemory или WriteProcessMemory был выполнен только частично. (0x12B)
[0802/105937.769:WARNING:pe_image_reader.cc(340)] could not read dos header from C:\Windows\system32\OLEAUT32.dll
[0802/105937.769:ERROR:process_memory_win.cc(73)] ReadMemory at 0x7feffb50000 of 64 bytes failed: Запрос ReadProcessMemory или WriteProcessMemory был выполнен только частично. (0x12B)
[0802/105937.769:WARNING:pe_image_reader.cc(340)] could not read dos header from C:\Windows\system32\ole32.dll
[0802/105937.769:ERROR:process_memory_win.cc(73)] ReadMemory at 0x7fefdd00000 of 64 bytes failed: Запрос ReadProcessMemory или WriteProcessMemory был выполнен только частично. (0x12B)
[0802/105937.769:WARNING:pe_image_reader.cc(340)] could not read dos header from C:\Windows\system32\DEVOBJ.dll
[0802/105937.769:ERROR:process_memory_win.cc(73)] ReadMemory at 0x7fef06d0000 of 64 bytes failed: Запрос ReadProcessMemory или WriteProcessMemory был выполнен только частично. (0x12B)
[0802/105937.769:WARNING:pe_image_reader.cc(340)] could not read dos header from C:\Program Files\NVIDIA Corporation\CoProcManager\nvdxgiwrapx.dll
[0802/105937.769:ERROR:process_memory_win.cc(73)] ReadMemory at 0x7fee46c0000 of 64 bytes failed: Запрос ReadProcessMemory или WriteProcessMemory был выполнен только частично. (0x12B)
[0802/105937.769:WARNING:pe_image_reader.cc(340)] could not read dos header from C:\Program Files (x86)\Google\Chrome\Application\84.0.4147.89\chrome.dll
[0802/105937.769:ERROR:process_memory_win.cc(73)] ReadMemory at 0x7fefef60000 of 64 bytes failed: Запрос ReadProcessMemory или WriteProcessMemory был выполнен только частично. (0x12B)
[0802/105937.769:WARNING:pe_image_reader.cc(340)] could not read dos header from C:\Windows\system32\WS2_32.dll
[0802/105937.769:ERROR:process_memory_win.cc(73)] ReadMemory at 0x7feffaa0000 of 64 bytes failed: Запрос ReadProcessMemory или WriteProcessMemory был выполнен только частично. (0x12B)
[0802/105937.769:WARNING:pe_image_reader.cc(340)] could not read dos header from C:\Windows\system32\NSI.dll
[0802/105937.769:ERROR:process_memory_win.cc(73)] ReadMemory at 0x7fefb1f0000 of 64 bytes failed: Запрос ReadProcessMemory или WriteProcessMemory был выполнен только частично. (0x12B)
[0802/105937.769:WARNING:pe_image_reader.cc(340)] could not read dos header from C:\Windows\system32\IPHLPAPI.DLL
[0802/105937.769:ERROR:process_memory_win.cc(73)] ReadMemory at 0x7fefb1d0000 of 64 bytes failed: Запрос ReadProcessMemory или WriteProcessMemory был выполнен только частично. (0x12B)
[0802/105937.769:WARNING:pe_image_reader.cc(340)] could not read dos header from C:\Windows\system32\WINNSI.DLL
[0802/105937.769:ERROR:process_memory_win.cc(73)] ReadMemory at 0x7fefa910000 of 64 bytes failed: Запрос ReadProcessMemory или WriteProcessMemory был выполнен только частично. (0x12B)
[0802/105937.769:WARNING:pe_image_reader.cc(340)] could not read dos header from C:\Windows\system32\WINMM.dll
[0802/105937.769:ERROR:process_memory_win.cc(73)] ReadMemory at 0x7fefd760000 of 64 bytes failed: Запрос ReadProcessMemory или WriteProcessMemory был выполнен только частично. (0x12B)
[0802/105937.769:WARNING:pe_image_reader.cc(340)] could not read dos header from C:\Windows\system32\Secur32.dll
[0802/105937.769:ERROR:process_memory_win.cc(73)] ReadMemory at 0x7fefd790000 of 64 bytes failed: Запрос ReadProcessMemory или WriteProcessMemory был выполнен только частично. (0x12B)
[0802/105937.769:WARNING:pe_image_reader.cc(340)] could not read dos header from C:\Windows\system32\SSPICLI.DLL
[0802/105937.769:ERROR:process_memory_win.cc(73)] ReadMemory at 0x7fefdc00000 of 64 bytes failed: Запрос ReadProcessMemory или WriteProcessMemory был выполнен только частично. (0x12B)
[0802/105937.769:WARNING:pe_image_reader.cc(340)] could not read dos header from C:\Windows\system32\USERENV.dll
[0802/105937.769:ERROR:process_memory_win.cc(73)] ReadMemory at 0x7fefda10000 of 64 bytes failed: Запрос ReadProcessMemory или WriteProcessMemory был выполнен только частично. (0x12B)
[0802/105937.769:WARNING:pe_image_reader.cc(340)] could not read dos header from C:\Windows\system32\profapi.dll
[0802/105937.769:ERROR:process_memory_win.cc(73)] ReadMemory at 0x7fefdc40000 of 64 bytes failed: Запрос ReadProcessMemory или WriteProcessMemory был выполнен только частично. (0x12B)
[0802/105937.769:WARNING:pe_image_reader.cc(340)] could not read dos header from C:\Windows\system32\WINTRUST.dll
[0802/105937.769:ERROR:process_memory_win.cc(73)] ReadMemory at 0x7fefda30000 of 64 bytes failed: Запрос ReadProcessMemory или WriteProcessMemory был выполнен только частично. (0x12B)
[0802/105937.769:WARNING:pe_image_reader.cc(340)] could not read dos header from C:\Windows\system32\CRYPT32.dll
[0802/105937.769:ERROR:process_memory_win.cc(73)] ReadMemory at 0x7fefda00000 of 64 bytes failed: Запрос ReadProcessMemory или WriteProcessMemory был выполнен только частично. (0x12B)
[0802/105937.769:WARNING:pe_image_reader.cc(340)] could not read dos header from C:\Windows\system32\MSASN1.dll
[0802/105937.769:ERROR:process_memory_win.cc(73)] ReadMemory at 0x7fef4ef0000 of 64 bytes failed: Запрос ReadProcessMemory или WriteProcessMemory был выполнен только частично. (0x12B)
[0802/105937.769:WARNING:pe_image_reader.cc(340)] could not read dos header from C:\Windows\system32\UIAutomationCore.DLL
[0802/105937.769:ERROR:process_memory_win.cc(73)] ReadMemory at 0x77dc0000 of 64 bytes failed: Запрос ReadProcessMemory или WriteProcessMemory был выполнен только частично. (0x12B)
[0802/105937.769:WARNING:pe_image_reader.cc(340)] could not read dos header from C:\Windows\system32\PSAPI.DLL
[0802/105937.769:ERROR:process_memory_win.cc(73)] ReadMemory at 0x7fef3ff0000 of 64 bytes failed: Запрос ReadProcessMemory или WriteProcessMemory был выполнен только частично. (0x12B)
[0802/105937.769:WARNING:pe_image_reader.cc(340)] could not read dos header from C:\Windows\system32\OLEACC.dll
[0802/105937.769:ERROR:process_memory_win.cc(73)] ReadMemory at 0x7fef3950000 of 64 bytes failed: Запрос ReadProcessMemory или WriteProcessMemory был выполнен только частично. (0x12B)
[0802/105937.769:WARNING:pe_image_reader.cc(340)] could not read dos header from C:\Windows\system32\DWrite.dll
[0802/105937.769:ERROR:process_memory_win.cc(73)] ReadMemory at 0x7fefad90000 of 64 bytes failed: Запрос ReadProcessMemory или WriteProcessMemory был выполнен только частично. (0x12B)
[0802/105937.769:WARNING:pe_image_reader.cc(340)] could not read dos header from C:\Windows\system32\WINSPOOL.DRV
[0802/105937.769:ERROR:process_memory_win.cc(73)] ReadMemory at 0x7fef8290000 of 64 bytes failed: Запрос ReadProcessMemory или WriteProcessMemory был выполнен только частично. (0x12B)
[0802/105937.769:WARNING:pe_image_reader.cc(340)] could not read dos header from C:\Windows\system32\dbghelp.dll
[0802/105937.770:ERROR:process_memory_win.cc(73)] ReadMemory at 0x7fef8ee0000 of 64 bytes failed: Запрос ReadProcessMemory или WriteProcessMemory был выполнен только частично. (0x12B)
[0802/105937.770:WARNING:pe_image_reader.cc(340)] could not read dos header from C:\Windows\system32\WINHTTP.dll
[0802/105937.770:ERROR:process_memory_win.cc(73)] ReadMemory at 0x7fef8e70000 of 64 bytes failed: Запрос ReadProcessMemory или WriteProcessMemory был выполнен только частично. (0x12B)
[0802/105937.770:WARNING:pe_image_reader.cc(340)] could not read dos header from C:\Windows\system32\webio.dll
[0802/105937.770:ERROR:process_memory_win.cc(73)] ReadMemory at 0x7fefaf70000 of 64 bytes failed: Запрос ReadProcessMemory или WriteProcessMemory был выполнен только частично. (0x12B)
[0802/105937.770:WARNING:pe_image_reader.cc(340)] could not read dos header from C:\Windows\system32\dhcpcsvc.DLL
[0802/105937.770:ERROR:process_memory_win.cc(73)] ReadMemory at 0x7fefd820000 of 64 bytes failed: Запрос ReadProcessMemory или WriteProcessMemory был выполнен только частично. (0x12B)
[0802/105937.770:WARNING:pe_image_reader.cc(340)] could not read dos header from C:\Windows\system32\cryptbase.dll
[0802/105937.770:ERROR:process_memory_win.cc(73)] ReadMemory at 0x7fefbf90000 of 64 bytes failed: Запрос ReadProcessMemory или WriteProcessMemory был выполнен только частично. (0x12B)
[0802/105937.770:WARNING:pe_image_reader.cc(340)] could not read dos header from C:\Windows\system32\uxtheme.dll
[0802/105937.770:ERROR:process_memory_win.cc(73)] ReadMemory at 0x13fb90000 of 64 bytes failed: Запрос ReadProcessMemory или WriteProcessMemory был выполнен только частично. (0x12B)
[0802/105937.770:WARNING:pe_image_reader.cc(340)] could not read dos header from C:\Program Files (x86)\Google\Chrome\Application\chrome.exe
[0802/105937.770:ERROR:process_memory_win.cc(73)] ReadMemory at 0x77c00000 of 64 bytes failed: Запрос ReadProcessMemory или WriteProcessMemory был выполнен только частично. (0x12B)
[0802/105937.770:WARNING:pe_image_reader.cc(340)] could not read dos header from C:\Windows\SYSTEM32\ntdll.dll
[0802/105937.770:ERROR:process_memory_win.cc(73)] ReadMemory at 0x779e0000 of 64 bytes failed: Запрос ReadProcessMemory или WriteProcessMemory был выполнен только частично. (0x12B)
[0802/105937.770:WARNING:pe_image_reader.cc(340)] could not read dos header from C:\Windows\system32\kernel32.dll
[0802/105937.770:ERROR:process_memory_win.cc(73)] ReadMemory at 0x7fefdc90000 of 64 bytes failed: Запрос ReadProcessMemory или WriteProcessMemory был выполнен только частично. (0x12B)
[0802/105937.770:WARNING:pe_image_reader.cc(340)] could not read dos header from C:\Windows\system32\KERNELBASE.dll
[0802/105937.770:ERROR:process_memory_win.cc(73)] ReadMemory at 0x7feef980000 of 64 bytes failed: Запрос ReadProcessMemory или WriteProcessMemory был выполнен только частично. (0x12B)
[0802/105937.770:WARNING:pe_image_reader.cc(340)] could not read dos header from C:\Program Files (x86)\Google\Chrome\Application\84.0.4147.89\chrome_elf.dll
[0802/105937.770:ERROR:process_memory_win.cc(73)] ReadMemory at 0x7fefca90000 of 64 bytes failed: Запрос ReadProcessMemory или WriteProcessMemory был выполнен только частично. (0x12B)
[0802/105937.770:WARNING:pe_image_reader.cc(340)] could not read dos header from C:\Windows\system32\VERSION.dll
[0802/105937.770:ERROR:process_memory_win.cc(73)] ReadMemory at 0x7feffab0000 of 64 bytes failed: Запрос ReadProcessMemory или WriteProcessMemory был выполнен только частично. (0x12B)
[0802/105937.770:WARNING:pe_image_reader.cc(340)] could not read dos header from C:\Windows\system32\msvcrt.dll
[0802/105937.770:ERROR:process_memory_win.cc(73)] ReadMemory at 0x7fef83c0000 of 64 bytes failed: Запрос ReadProcessMemory или WriteProcessMemory был выполнен только частично. (0x12B)
[0802/105937.770:WARNING:pe_image_reader.cc(340)] could not read dos header from C:\Windows\system32\api-ms-win-core-synch-l1-2-0.DLL
[0802/105937.770:ERROR:process_memory_win.cc(73)] ReadMemory at 0x7feffe40000 of 64 bytes failed: Запрос ReadProcessMemory или WriteProcessMemory был выполнен только частично. (0x12B)
[0802/105937.770:WARNING:pe_image_reader.cc(340)] could not read dos header from C:\Windows\system32\GDI32.dll
[0802/105937.770:ERROR:process_memory_win.cc(73)] ReadMemory at 0x10a0000 of 64 bytes failed: Запрос ReadProcessMemory или WriteProcessMemory был выполнен только частично. (0x12B)
[0802/105937.770:WARNING:pe_image_reader.cc(340)] could not read dos header from C:\Windows\system32\USER32.dll
[0802/105937.770:ERROR:process_memory_win.cc(73)] ReadMemory at 0x7feffed0000 of 64 bytes failed: Запрос ReadProcessMemory или WriteProcessMemory был выполнен только частично. (0x12B)
[0802/105937.770:WARNING:pe_image_reader.cc(340)] could not read dos header from C:\Windows\system32\LPK.dll
[0802/105937.770:ERROR:process_memory_win.cc(73)] ReadMemory at 0x7feff9d0000 of 64 bytes failed: Запрос ReadProcessMemory или WriteProcessMemory был выполнен только частично. (0x12B)
[0802/105937.770:WARNING:pe_image_reader.cc(340)] could not read dos header from C:\Windows\system32\USP10.dll
[0802/105937.770:ERROR:process_memory_win.cc(73)] ReadMemory at 0x7feff110000 of 64 bytes failed: Запрос ReadProcessMemory или WriteProcessMemory был выполнен только частично. (0x12B)
[0802/105937.770:WARNING:pe_image_reader.cc(340)] could not read dos header from C:\Windows\system32\IMM32.DLL
[0802/105937.770:ERROR:process_memory_win.cc(73)] ReadMemory at 0x7fefdfa0000 of 64 bytes failed: Запрос ReadProcessMemory или WriteProcessMemory был выполнен только частично. (0x12B)
[0802/105937.770:WARNING:pe_image_reader.cc(340)] could not read dos header from C:\Windows\system32\MSCTF.dll
[0802/105937.770:ERROR:process_memory_win.cc(73)] ReadMemory at 0x7fefd8f0000 of 64 bytes failed: Запрос ReadProcessMemory или WriteProcessMemory был выполнен только частично. (0x12B)
[0802/105937.770:WARNING:pe_image_reader.cc(340)] could not read dos header from C:\Windows\system32\nvinitx.dll
[0802/105937.770:ERROR:process_memory_win.cc(73)] ReadMemory at 0x7feffd60000 of 64 bytes failed: Запрос ReadProcessMemory или WriteProcessMemory был выполнен только частично. (0x12B)
[0802/105937.770:WARNING:pe_image_reader.cc(340)] could not read dos header from C:\Windows\system32\ADVAPI32.dll
[0802/105937.770:ERROR:process_memory_win.cc(73)] ReadMemory at 0x7feff750000 of 64 bytes failed: Запрос ReadProcessMemory или WriteProcessMemory был выполнен только частично. (0x12B)
[0802/105937.770:WARNING:pe_image_reader.cc(340)] could not read dos header from C:\Windows\SYSTEM32\sechost.dll
[0802/105937.770:ERROR:process_memory_win.cc(73)] ReadMemory at 0x7feff140000 of 64 bytes failed: Запрос ReadProcessMemory или WriteProcessMemory был выполнен только частично. (0x12B)
[0802/105937.771:WARNING:pe_image_reader.cc(340)] could not read dos header from C:\Windows\system32\RPCRT4.dll
[0802/105937.771:ERROR:process_memory_win.cc(73)] ReadMemory at 0xf000000 of 64 bytes failed: Запрос ReadProcessMemory или WriteProcessMemory был выполнен только частично. (0x12B)
[0802/105937.771:WARNING:pe_image_reader.cc(340)] could not read dos header from C:\Program Files\NVIDIA Corporation\CoProcManager\detoured.dll
[0802/105937.771:ERROR:process_memory_win.cc(73)] ReadMemory at 0x7fef0f20000 of 64 bytes failed: Запрос ReadProcessMemory или WriteProcessMemory был выполнен только частично. (0x12B)
[0802/105937.771:WARNING:pe_image_reader.cc(340)] could not read dos header from C:\Program Files\NVIDIA Corporation\CoProcManager\nvd3d9wrapx.dll
[0802/105937.771:ERROR:process_memory_win.cc(73)] ReadMemory at 0x7fefddc0000 of 64 bytes failed: Запрос ReadProcessMemory или WriteProcessMemory был выполнен только частично. (0x12B)
[0802/105937.771:WARNING:pe_image_reader.cc(340)] could not read dos header from C:\Windows\system32\SETUPAPI.dll
[0802/105937.771:ERROR:process_memory_win.cc(73)] ReadMemory at 0x7fefdba0000 of 64 bytes failed: Запрос ReadProcessMemory или WriteProcessMemory был выполнен только частично. (0x12B)
[0802/105937.771:WARNING:pe_image_reader.cc(340)] could not read dos header from C:\Windows\system32\CFGMGR32.dll
[0802/105937.771:ERROR:process_memory_win.cc(73)] ReadMemory at 0x7feff7d0000 of 64 bytes failed: Запрос ReadProcessMemory или WriteProcessMemory был выполнен только частично. (0x12B)
[0802/105937.771:WARNING:pe_image_reader.cc(340)] could not read dos header from C:\Windows\system32\OLEAUT32.dll
[0802/105937.771:ERROR:process_memory_win.cc(73)] ReadMemory at 0x7feffb50000 of 64 bytes failed: Запрос ReadProcessMemory или WriteProcessMemory был выполнен только частично. (0x12B)
[0802/105937.771:WARNING:pe_image_reader.cc(340)] could not read dos header from C:\Windows\system32\ole32.dll
[0802/105937.771:ERROR:process_memory_win.cc(73)] ReadMemory at 0x7fefdd00000 of 64 bytes failed: Запрос ReadProcessMemory или WriteProcessMemory был выполнен только частично. (0x12B)
[0802/105937.771:WARNING:pe_image_reader.cc(340)] could not read dos header from C:\Windows\system32\DEVOBJ.dll
[0802/105937.771:ERROR:process_memory_win.cc(73)] ReadMemory at 0x7fef06d0000 of 64 bytes failed: Запрос ReadProcessMemory или WriteProcessMemory был выполнен только частично. (0x12B)
[0802/105937.771:WARNING:pe_image_reader.cc(340)] could not read dos header from C:\Program Files\NVIDIA Corporation\CoProcManager\nvdxgiwrapx.dll
[0802/105937.771:ERROR:process_memory_win.cc(73)] ReadMemory at 0x7fee46c0000 of 64 bytes failed: Запрос ReadProcessMemory или WriteProcessMemory был выполнен только частично. (0x12B)
[0802/105937.771:WARNING:pe_image_reader.cc(340)] could not read dos header from C:\Program Files (x86)\Google\Chrome\Application\84.0.4147.89\chrome.dll
[0802/105937.771:ERROR:process_memory_win.cc(73)] ReadMemory at 0x7fefef60000 of 64 bytes failed: Запрос ReadProcessMemory или WriteProcessMemory был выполнен только частично. (0x12B)
[0802/105937.771:WARNING:pe_image_reader.cc(340)] could not read dos header from C:\Windows\system32\WS2_32.dll
[0802/105937.771:ERROR:process_memory_win.cc(73)] ReadMemory at 0x7feffaa0000 of 64 bytes failed: Запрос ReadProcessMemory или WriteProcessMemory был выполнен только частично. (0x12B)
[0802/105937.771:WARNING:pe_image_reader.cc(340)] could not read dos header from C:\Windows\system32\NSI.dll
[0802/105937.771:ERROR:process_memory_win.cc(73)] ReadMemory at 0x7fefb1f0000 of 64 bytes failed: Запрос ReadProcessMemory или WriteProcessMemory был выполнен только частично. (0x12B)
[0802/105937.771:WARNING:pe_image_reader.cc(340)] could not read dos header from C:\Windows\system32\IPHLPAPI.DLL
[0802/105937.771:ERROR:process_memory_win.cc(73)] ReadMemory at 0x7fefb1d0000 of 64 bytes failed: Запрос ReadProcessMemory или WriteProcessMemory был выполнен только частично. (0x12B)
[0802/105937.771:WARNING:pe_image_reader.cc(340)] could not read dos header from C:\Windows\system32\WINNSI.DLL
[0802/105937.771:ERROR:process_memory_win.cc(73)] ReadMemory at 0x7fefa910000 of 64 bytes failed: Запрос ReadProcessMemory или WriteProcessMemory был выполнен только частично. (0x12B)
[0802/105937.771:WARNING:pe_image_reader.cc(340)] could not read dos header from C:\Windows\system32\WINMM.dll
[0802/105937.771:ERROR:process_memory_win.cc(73)] ReadMemory at 0x7fefd760000 of 64 bytes failed: Запрос ReadProcessMemory или WriteProcessMemory был выполнен только частично. (0x12B)
[0802/105937.771:WARNING:pe_image_reader.cc(340)] could not read dos header from C:\Windows\system32\Secur32.dll
[0802/105937.771:ERROR:process_memory_win.cc(73)] ReadMemory at 0x7fefd790000 of 64 bytes failed: Запрос ReadProcessMemory или WriteProcessMemory был выполнен только частично. (0x12B)
[0802/105937.771:WARNING:pe_image_reader.cc(340)] could not read dos header from C:\Windows\system32\SSPICLI.DLL
[0802/105937.771:ERROR:process_memory_win.cc(73)] ReadMemory at 0x7fefdc00000 of 64 bytes failed: Запрос ReadProcessMemory или WriteProcessMemory был выполнен только частично. (0x12B)
[0802/105937.771:WARNING:pe_image_reader.cc(340)] could not read dos header from C:\Windows\system32\USERENV.dll
[0802/105937.771:ERROR:process_memory_win.cc(73)] ReadMemory at 0x7fefda10000 of 64 bytes failed: Запрос ReadProcessMemory или WriteProcessMemory был выполнен только частично. (0x12B)
[0802/105937.771:WARNING:pe_image_reader.cc(340)] could not read dos header from C:\Windows\system32\profapi.dll
[0802/105937.771:ERROR:process_memory_win.cc(73)] ReadMemory at 0x7fefdc40000 of 64 bytes failed: Запрос ReadProcessMemory или WriteProcessMemory был выполнен только частично. (0x12B)
[0802/105937.771:WARNING:pe_image_reader.cc(340)] could not read dos header from C:\Windows\system32\WINTRUST.dll
[0802/105937.771:ERROR:process_memory_win.cc(73)] ReadMemory at 0x7fefda30000 of 64 bytes failed: Запрос ReadProcessMemory или WriteProcessMemory был выполнен только частично. (0x12B)
[0802/105937.771:WARNING:pe_image_reader.cc(340)] could not read dos header from C:\Windows\system32\CRYPT32.dll
[0802/105937.771:ERROR:process_memory_win.cc(73)] ReadMemory at 0x7fefda00000 of 64 bytes failed: Запрос ReadProcessMemory или WriteProcessMemory был выполнен только частично. (0x12B)
[0802/105937.771:WARNING:pe_image_reader.cc(340)] could not read dos header from C:\Windows\system32\MSASN1.dll
[0802/105937.771:ERROR:process_memory_win.cc(73)] ReadMemory at 0x7fef4ef0000 of 64 bytes failed: Запрос ReadProcessMemory или WriteProcessMemory был выполнен только частично. (0x12B)
[0802/105937.771:WARNING:pe_image_reader.cc(340)] could not read dos header from C:\Windows\system32\UIAutomationCore.DLL
[0802/105937.771:ERROR:process_memory_win.cc(73)] ReadMemory at 0x77dc0000 of 64 bytes failed: Запрос ReadProcessMemory или WriteProcessMemory был выполнен только частично. (0x12B)
[0802/105937.771:WARNING:pe_image_reader.cc(340)] could not read dos header from C:\Windows\system32\PSAPI.DLL
[0802/105937.772:ERROR:process_memory_win.cc(73)] ReadMemory at 0x7fef3ff0000 of 64 bytes failed: Запрос ReadProcessMemory или WriteProcessMemory был выполнен только частично. (0x12B)
[0802/105937.772:WARNING:pe_image_reader.cc(340)] could not read dos header from C:\Windows\system32\OLEACC.dll
[0802/105937.772:ERROR:process_memory_win.cc(73)] ReadMemory at 0x7fef3950000 of 64 bytes failed: Запрос ReadProcessMemory или WriteProcessMemory был выполнен только частично. (0x12B)
[0802/105937.772:WARNING:pe_image_reader.cc(340)] could not read dos header from C:\Windows\system32\DWrite.dll
[0802/105937.772:ERROR:process_memory_win.cc(73)] ReadMemory at 0x7fefad90000 of 64 bytes failed: Запрос ReadProcessMemory или WriteProcessMemory был выполнен только частично. (0x12B)
[0802/105937.772:WARNING:pe_image_reader.cc(340)] could not read dos header from C:\Windows\system32\WINSPOOL.DRV
[0802/105937.772:ERROR:process_memory_win.cc(73)] ReadMemory at 0x7fef8290000 of 64 bytes failed: Запрос ReadProcessMemory или WriteProcessMemory был выполнен только частично. (0x12B)
[0802/105937.772:WARNING:pe_image_reader.cc(340)] could not read dos header from C:\Windows\system32\dbghelp.dll
[0802/105937.772:ERROR:process_memory_win.cc(73)] ReadMemory at 0x7fef8ee0000 of 64 bytes failed: Запрос ReadProcessMemory или WriteProcessMemory был выполнен только частично. (0x12B)
[0802/105937.772:WARNING:pe_image_reader.cc(340)] could not read dos header from C:\Windows\system32\WINHTTP.dll
[0802/105937.772:ERROR:process_memory_win.cc(73)] ReadMemory at 0x7fef8e70000 of 64 bytes failed: Запрос ReadProcessMemory или WriteProcessMemory был выполнен только частично. (0x12B)
[0802/105937.772:WARNING:pe_image_reader.cc(340)] could not read dos header from C:\Windows\system32\webio.dll
[0802/105937.772:ERROR:process_memory_win.cc(73)] ReadMemory at 0x7fefaf70000 of 64 bytes failed: Запрос ReadProcessMemory или WriteProcessMemory был выполнен только частично. (0x12B)
[0802/105937.772:WARNING:pe_image_reader.cc(340)] could not read dos header from C:\Windows\system32\dhcpcsvc.DLL
[0802/105937.772:ERROR:process_memory_win.cc(73)] ReadMemory at 0x7fefd820000 of 64 bytes failed: Запрос ReadProcessMemory или WriteProcessMemory был выполнен только частично. (0x12B)
[0802/105937.772:WARNING:pe_image_reader.cc(340)] could not read dos header from C:\Windows\system32\cryptbase.dll
[0802/105937.772:ERROR:process_memory_win.cc(73)] ReadMemory at 0x7fefbf90000 of 64 bytes failed: Запрос ReadProcessMemory или WriteProcessMemory был выполнен только частично. (0x12B)
[0802/105937.772:WARNING:pe_image_reader.cc(340)] could not read dos header from C:\Windows\system32\uxtheme.dll
[0802/105937.842:ERROR:process_memory_win.cc(73)] ReadMemory at 0x8c9000 of 28672 bytes failed: Запрос ReadProcessMemory или WriteProcessMemory был выполнен только частично. (0x12B)
[0802/105937.843:ERROR:process_memory_win.cc(73)] ReadMemory at 0x3d2d000 of 12288 bytes failed: Запрос ReadProcessMemory или WriteProcessMemory был выполнен только частично. (0x12B)
[0802/105937.843:ERROR:process_memory_win.cc(73)] ReadMemory at 0x468d000 of 12288 bytes failed: Запрос ReadProcessMemory или WriteProcessMemory был выполнен только частично. (0x12B)
[0802/105937.843:ERROR:process_memory_win.cc(73)] ReadMemory at 0x4fed000 of 12288 bytes failed: Запрос ReadProcessMemory или WriteProcessMemory был выполнен только частично. (0x12B)
[0802/105937.844:ERROR:process_memory_win.cc(73)] ReadMemory at 0x593b000 of 20480 bytes failed: Запрос ReadProcessMemory или WriteProcessMemory был выполнен только частично. (0x12B)
[0802/105937.844:ERROR:process_memory_win.cc(73)] ReadMemory at 0x626f000 of 4096 bytes failed: Запрос ReadProcessMemory или WriteProcessMemory был выполнен только частично. (0x12B)
[0802/105937.844:ERROR:process_memory_win.cc(73)] ReadMemory at 0x6b1e000 of 8192 bytes failed: Запрос ReadProcessMemory или WriteProcessMemory был выполнен только частично. (0x12B)
[0802/105937.844:ERROR:process_memory_win.cc(73)] ReadMemory at 0x748d000 of 12288 bytes failed: Запрос ReadProcessMemory или WriteProcessMemory был выполнен только частично. (0x12B)
[0802/105937.844:ERROR:process_memory_win.cc(73)] ReadMemory at 0x7e9d000 of 12288 bytes failed: Запрос ReadProcessMemory или WriteProcessMemory был выполнен только частично. (0x12B)
[0802/105937.845:ERROR:process_memory_win.cc(73)] ReadMemory at 0x874d000 of 12288 bytes failed: Запрос ReadProcessMemory или WriteProcessMemory был выполнен только частично. (0x12B)
[0802/105937.845:ERROR:process_memory_win.cc(73)] ReadMemory at 0x902d000 of 12288 bytes failed: Запрос ReadProcessMemory или WriteProcessMemory был выполнен только частично. (0x12B)
[0802/105937.845:ERROR:process_memory_win.cc(73)] ReadMemory at 0x9b4d000 of 12288 bytes failed: Запрос ReadProcessMemory или WriteProcessMemory был выполнен только частично. (0x12B)
[0802/105937.845:ERROR:process_memory_win.cc(73)] ReadMemory at 0xa4ed000 of 12288 bytes failed: Запрос ReadProcessMemory или WriteProcessMemory был выполнен только частично. (0x12B)
[0802/105937.845:ERROR:process_memory_win.cc(73)] ReadMemory at 0xae4d000 of 12288 bytes failed: Запрос ReadProcessMemory или WriteProcessMemory был выполнен только частично. (0x12B)
[0802/105937.846:ERROR:process_memory_win.cc(73)] ReadMemory at 0xb81e000 of 8192 bytes failed: Запрос ReadProcessMemory или WriteProcessMemory был выполнен только частично. (0x12B)
[0802/105937.865:ERROR:process_memory_win.cc(73)] ReadMemory at 0x9a1320 of 16518 bytes failed: Запрос ReadProcessMemory или WriteProcessMemory был выполнен только частично. (0x12B)
[0802/105937.865:ERROR:process_memory_win.cc(73)] ReadMemory at 0x9a53b0 of 1012 bytes failed: Запрос ReadProcessMemory или WriteProcessMemory был выполнен только частично. (0x12B)
[0802/105937.865:ERROR:process_memory_win.cc(73)] ReadMemory at 0x9a59b8 of 1822 bytes failed: Запрос ReadProcessMemory или WriteProcessMemory был выполнен только частично. (0x12B)
[0802/105937.866:ERROR:process_memory_win.cc(73)] ReadMemory at 0x9a60d8 of 118 bytes failed: Запрос ReadProcessMemory или WriteProcessMemory был выполнен только частично. (0x12B)
[0802/105937.866:ERROR:process_memory_win.cc(73)] ReadMemory at 0x9a6150 of 802 bytes failed: Запрос ReadProcessMemory или WriteProcessMemory был выполнен только частично. (0x12B)
[0802/105937.866:ERROR:process_memory_win.cc(73)] ReadMemory at 0x9a6474 of 118 bytes failed: Запрос ReadProcessMemory или WriteProcessMemory был выполнен только частично. (0x12B)
[0802/105937.866:ERROR:process_memory_win.cc(73)] ReadMemory at 0x9a64ec of 96 bytes failed: Запрос ReadProcessMemory или WriteProcessMemory был выполнен только частично. (0x12B)
[0802/105937.866:ERROR:process_memory_win.cc(73)] ReadMemory at 0x9a6560 of 58 bytes failed: Запрос ReadProcessMemory или WriteProcessMemory был выполнен только частично. (0x12B)
[0802/105937.866:ERROR:process_memory_win.cc(73)] ReadMemory at 0x9a65f0 of 132 bytes failed: Запрос ReadProcessMemory или WriteProcessMemory был выполнен только частично. (0x12B)
[0802/105937.866:ERROR:process_memory_win.cc(73)] ReadMemory at 0x9a66e0 of 132 bytes failed: Запрос ReadProcessMemory или WriteProcessMemory был выполнен только частично. (0x12B)
[0802/105937.866:ERROR:process_memory_win.cc(73)] ReadMemory at 0x9a67f8 of 124 bytes failed: Запрос ReadProcessMemory или WriteProcessMemory был выполнен только частично. (0x12B)
[0802/105937.866:ERROR:process_memory_win.cc(73)] ReadMemory at 0x9a6ae0 of 64 bytes failed: Запрос ReadProcessMemory или WriteProcessMemory был выполнен только частично. (0x12B)
[0802/105937.866:ERROR:process_memory_win.cc(73)] ReadMemory at 0x9a6b30 of 132 bytes failed: Запрос ReadProcessMemory или WriteProcessMemory был выполнен только частично. (0x12B)
[0802/105937.866:ERROR:process_memory_win.cc(73)] ReadMemory at 0x9a6c50 of 68 bytes failed: Запрос ReadProcessMemory или WriteProcessMemory был выполнен только частично. (0x12B)
[0802/105937.866:ERROR:process_memory_win.cc(73)] ReadMemory at 0x9a6ca0 of 132 bytes failed: Запрос ReadProcessMemory или WriteProcessMemory был выполнен только частично. (0x12B)
[0802/105937.866:ERROR:process_memory_win.cc(73)] ReadMemory at 0x9a7e20 of 152 bytes failed: Запрос ReadProcessMemory или WriteProcessMemory был выполнен только частично. (0x12B)
[0802/105937.866:ERROR:process_memory_win.cc(73)] ReadMemory at 0x9a7ed0 of 132 bytes failed: Запрос ReadProcessMemory или WriteProcessMemory был выполнен только частично. (0x12B)
[0802/105937.866:ERROR:process_memory_win.cc(73)] ReadMemory at 0x9a8660 of 60 bytes failed: Запрос ReadProcessMemory или WriteProcessMemory был выполнен только частично. (0x12B)
[0802/105937.867:ERROR:process_memory_win.cc(73)] ReadMemory at 0x9a86b0 of 132 bytes failed: Запрос ReadProcessMemory или WriteProcessMemory был выполнен только частично. (0x12B)
[0802/105937.867:ERROR:process_memory_win.cc(73)] ReadMemory at 0x9a8930 of 62 bytes failed: Запрос ReadProcessMemory или WriteProcessMemory был выполнен только частично. (0x12B)
[0802/105937.867:ERROR:process_memory_win.cc(73)] ReadMemory at 0x9a8980 of 132 bytes failed: Запрос ReadProcessMemory или WriteProcessMemory был выполнен только частично. (0x12B)
[0802/105937.867:ERROR:process_memory_win.cc(73)] ReadMemory at 0x9e39a0 of 104 bytes failed: Запрос ReadProcessMemory или WriteProcessMemory был выполнен только частично. (0x12B)
[0802/105937.867:ERROR:process_memory_win.cc(73)] ReadMemory at 0x9e3a20 of 132 bytes failed: Запрос ReadProcessMemory или WriteProcessMemory был выполнен только частично. (0x12B)
[0802/105937.867:ERROR:process_memory_win.cc(73)] ReadMemory at 0x9e96f0 of 512 bytes failed: Запрос ReadProcessMemory или WriteProcessMemory был выполнен только частично. (0x12B)
[0802/105937.867:ERROR:process_memory_win.cc(73)] ReadMemory at 0x9f1220 of 58 bytes failed: Запрос ReadProcessMemory или WriteProcessMemory был выполнен только частично. (0x12B)
[0802/105937.867:ERROR:process_memory_win.cc(73)] ReadMemory at 0x9f1270 of 60 bytes failed: Запрос ReadProcessMemory или WriteProcessMemory был выполнен только частично. (0x12B)
[0802/105937.867:ERROR:process_memory_win.cc(73)] ReadMemory at 0x9f12c0 of 58 bytes failed: Запрос ReadProcessMemory или WriteProcessMemory был выполнен только частично. (0x12B)
[0802/105937.867:ERROR:process_memory_win.cc(73)] ReadMemory at 0x9f1310 of 58 bytes failed: Запрос ReadProcessMemory или WriteProcessMemory был выполнен только частично. (0x12B)
[0802/105937.867:ERROR:process_memory_win.cc(73)] ReadMemory at 0x9f1360 of 58 bytes failed: Запрос ReadProcessMemory или WriteProcessMemory был выполнен только частично. (0x12B)
[0802/105937.867:ERROR:process_memory_win.cc(73)] ReadMemory at 0x9f2e20 of 54 bytes failed: Запрос ReadProcessMemory или WriteProcessMemory был выполнен только частично. (0x12B)
[0802/105937.867:ERROR:process_memory_win.cc(73)] ReadMemory at 0x9f36a0 of 80 bytes failed: Запрос ReadProcessMemory или WriteProcessMemory был выполнен только частично. (0x12B)
[0802/105937.867:ERROR:process_memory_win.cc(73)] ReadMemory at 0x9f7040 of 130 bytes failed: Запрос ReadProcessMemory или WriteProcessMemory был выполнен только частично. (0x12B)
[0802/105937.867:ERROR:process_memory_win.cc(73)] ReadMemory at 0x9f7a80 of 132 bytes failed: Запрос ReadProcessMemory или WriteProcessMemory был выполнен только частично. (0x12B)
[0802/105937.868:ERROR:process_memory_win.cc(73)] ReadMemory at 0x9f7b70 of 132 bytes failed: Запрос ReadProcessMemory или WriteProcessMemory был выполнен только частично. (0x12B)
[0802/105937.868:ERROR:process_memory_win.cc(73)] ReadMemory at 0x9f7c60 of 132 bytes failed: Запрос ReadProcessMemory или WriteProcessMemory был выполнен только частично. (0x12B)
[0802/105937.868:ERROR:process_memory_win.cc(73)] ReadMemory at 0x9f7d50 of 132 bytes failed: Запрос ReadProcessMemory или WriteProcessMemory был выполнен только частично. (0x12B)
[0802/105937.868:ERROR:process_memory_win.cc(73)] ReadMemory at 0x9f8e40 of 132 bytes failed: Запрос ReadProcessMemory или WriteProcessMemory был выполнен только частично. (0x12B)
[0802/105937.868:ERROR:process_memory_win.cc(73)] ReadMemory at 0x9f9070 of 132 bytes failed: Запрос ReadProcessMemory или WriteProcessMemory был выполнен только частично. (0x12B)
[0802/105937.868:ERROR:process_memory_win.cc(73)] ReadMemory at 0x9f9f90 of 124 bytes failed: Запрос ReadProcessMemory или WriteProcessMemory был выполнен только частично. (0x12B)
[0802/105937.868:ERROR:process_memory_win.cc(73)] ReadMemory at 0x9fcb80 of 62 bytes failed: Запрос ReadProcessMemory или WriteProcessMemory был выполнен только частично. (0x12B)
[0802/105937.868:ERROR:process_memory_win.cc(73)] ReadMemory at 0x9fcbd0 of 64 bytes failed: Запрос ReadProcessMemory или WriteProcessMemory был выполнен только частично. (0x12B)
[0802/105937.868:ERROR:process_memory_win.cc(73)] ReadMemory at 0x9fcc20 of 62 bytes failed: Запрос ReadProcessMemory или WriteProcessMemory был выполнен только частично. (0x12B)
[0802/105937.868:ERROR:process_memory_win.cc(73)] ReadMemory at 0x9fcc70 of 60 bytes failed: Запрос ReadProcessMemory или WriteProcessMemory был выполнен только частично. (0x12B)
[0802/105937.868:ERROR:process_memory_win.cc(73)] ReadMemory at 0x9fcd10 of 64 bytes failed: Запрос ReadProcessMemory или WriteProcessMemory был выполнен только частично. (0x12B)
[0802/105937.868:ERROR:process_memory_win.cc(73)] ReadMemory at 0x9fcd60 of 64 bytes failed: Запрос ReadProcessMemory или WriteProcessMemory был выполнен только частично. (0x12B)
[0802/105937.868:ERROR:process_memory_win.cc(73)] ReadMemory at 0x9fcdb0 of 64 bytes failed: Запрос ReadProcessMemory или WriteProcessMemory был выполнен только частично. (0x12B)
[0802/105937.868:ERROR:process_memory_win.cc(73)] ReadMemory at 0x9fce00 of 58 bytes failed: Запрос ReadProcessMemory или WriteProcessMemory был выполнен только частично. (0x12B)
[0802/105937.868:ERROR:process_memory_win.cc(73)] ReadMemory at 0x9fce50 of 60 bytes failed: Запрос ReadProcessMemory или WriteProcessMemory был выполнен только частично. (0x12B)
[0802/105937.868:ERROR:process_memory_win.cc(73)] ReadMemory at 0x9fcf40 of 60 bytes failed: Запрос ReadProcessMemory или WriteProcessMemory был выполнен только частично. (0x12B)
[0802/105937.869:ERROR:process_memory_win.cc(73)] ReadMemory at 0x9fcf90 of 64 bytes failed: Запрос ReadProcessMemory или WriteProcessMemory был выполнен только частично. (0x12B)
[0802/105937.869:ERROR:process_memory_win.cc(73)] ReadMemory at 0x9fcfe0 of 60 bytes failed: Запрос ReadProcessMemory или WriteProcessMemory был выполнен только частично. (0x12B)
[0802/105937.889:ERROR:process_memory_win.cc(73)] ReadMemory at 0x9fd080 of 58 bytes failed: Запрос ReadProcessMemory или WriteProcessMemory был выполнен только частично. (0x12B)
[0802/105937.889:ERROR:process_memory_win.cc(73)] ReadMemory at 0x9fd120 of 62 bytes failed: Запрос ReadProcessMemory или WriteProcessMemory был выполнен только частично. (0x12B)
[0802/105937.889:ERROR:process_memory_win.cc(73)] ReadMemory at 0x9fd170 of 62 bytes failed: Запрос ReadProcessMemory или WriteProcessMemory был выполнен только частично. (0x12B)
[0802/105937.889:ERROR:process_memory_win.cc(73)] ReadMemory at 0x9fd1c0 of 62 bytes failed: Запрос ReadProcessMemory или WriteProcessMemory был выполнен только частично. (0x12B)
[0802/105937.889:ERROR:process_memory_win.cc(73)] ReadMemory at 0x9fd210 of 62 bytes failed: Запрос ReadProcessMemory или WriteProcessMemory был выполнен только частично. (0x12B)
[0802/105937.908:ERROR:process_memory_win.cc(73)] ReadMemory at 0x9fd260 of 64 bytes failed: Запрос ReadProcessMemory или WriteProcessMemory был выполнен только частично. (0x12B)
[0802/105937.908:ERROR:process_memory_win.cc(73)] ReadMemory at 0x9fd2b0 of 62 bytes failed: Запрос ReadProcessMemory или WriteProcessMemory был выполнен только частично. (0x12B)
[0802/105937.908:ERROR:process_memory_win.cc(73)] ReadMemory at 0x9fd300 of 60 bytes failed: Запрос ReadProcessMemory или WriteProcessMemory был выполнен только частично. (0x12B)
[0802/105937.908:ERROR:process_memory_win.cc(73)] ReadMemory at 0x9fd350 of 58 bytes failed: Запрос ReadProcessMemory или WriteProcessMemory был выполнен только частично. (0x12B)
[0802/105937.908:ERROR:process_memory_win.cc(73)] ReadMemory at 0x9fd3a0 of 60 bytes failed: Запрос ReadProcessMemory или WriteProcessMemory был выполнен только частично. (0x12B)
[0802/105937.908:ERROR:process_memory_win.cc(73)] ReadMemory at 0x9fd3f0 of 60 bytes failed: Запрос ReadProcessMemory или WriteProcessMemory был выполнен только частично. (0x12B)
[0802/105937.908:ERROR:process_memory_win.cc(73)] ReadMemory at 0x9fd440 of 64 bytes failed: Запрос ReadProcessMemory или WriteProcessMemory был выполнен только частично. (0x12B)
[0802/105937.909:ERROR:process_memory_win.cc(73)] ReadMemory at 0x9fd490 of 62 bytes failed: Запрос ReadProcessMemory или WriteProcessMemory был выполнен только частично. (0x12B)
[0802/105937.909:ERROR:process_memory_win.cc(73)] ReadMemory at 0x9fd4e0 of 62 bytes failed: Запрос ReadProcessMemory или WriteProcessMemory был выполнен только частично. (0x12B)
[0802/105937.909:ERROR:process_memory_win.cc(73)] ReadMemory at 0x9fd530 of 58 bytes failed: Запрос ReadProcessMemory или WriteProcessMemory был выполнен только частично. (0x12B)
[0802/105937.909:ERROR:process_memory_win.cc(73)] ReadMemory at 0x9fd580 of 64 bytes failed: Запрос ReadProcessMemory или WriteProcessMemory был выполнен только частично. (0x12B)
[0802/105937.909:ERROR:process_memory_win.cc(73)] ReadMemory at 0x9fdb80 of 132 bytes failed: Запрос ReadProcessMemory или WriteProcessMemory был выполнен только частично. (0x12B)
[0802/105937.909:ERROR:process_memory_win.cc(73)] ReadMemory at 0x9fdc70 of 132 bytes failed: Запрос ReadProcessMemory или WriteProcessMemory был выполнен только частично. (0x12B)
[0802/105937.909:ERROR:process_memory_win.cc(73)] ReadMemory at 0x9fdd60 of 132 bytes failed: Запрос ReadProcessMemory или WriteProcessMemory был выполнен только частично. (0x12B)
[0802/105937.909:ERROR:process_memory_win.cc(73)] ReadMemory at 0x9fde50 of 132 bytes failed: Запрос ReadProcessMemory или WriteProcessMemory был выполнен только частично. (0x12B)
[0802/105937.909:ERROR:process_memory_win.cc(73)] ReadMemory at 0x9fdf40 of 132 bytes failed: Запрос ReadProcessMemory или WriteProcessMemory был выполнен только частично. (0x12B)
[0802/105937.909:ERROR:process_memory_win.cc(73)] ReadMemory at 0x9fe030 of 132 bytes failed: Запрос ReadProcessMemory или WriteProcessMemory был выполнен только частично. (0x12B)
[0802/105937.909:ERROR:process_memory_win.cc(73)] ReadMemory at 0x9fe120 of 132 bytes failed: Запрос ReadProcessMemory или WriteProcessMemory был выполнен только частично. (0x12B)
[0802/105937.925:ERROR:process_memory_win.cc(73)] ReadMemory at 0x9fe210 of 132 bytes failed: Запрос ReadProcessMemory или WriteProcessMemory был выполнен только частично. (0x12B)
[0802/105937.925:ERROR:process_memory_win.cc(73)] ReadMemory at 0x9fe300 of 132 bytes failed: Запрос ReadProcessMemory или WriteProcessMemory был выполнен только частично. (0x12B)
[0802/105937.926:ERROR:process_memory_win.cc(73)] ReadMemory at 0x9fe3f0 of 132 bytes failed: Запрос ReadProcessMemory или WriteProcessMemory был выполнен только частично. (0x12B)
[0802/105937.926:ERROR:process_memory_win.cc(73)] ReadMemory at 0x9fe4e0 of 132 bytes failed: Запрос ReadProcessMemory или WriteProcessMemory был выполнен только частично. (0x12B)
[0802/105937.926:ERROR:process_memory_win.cc(73)] ReadMemory at 0x9fe5d0 of 132 bytes failed: Запрос ReadProcessMemory или WriteProcessMemory был выполнен только частично. (0x12B)
[0802/105937.926:ERROR:process_memory_win.cc(73)] ReadMemory at 0x9fe6c0 of 132 bytes failed: Запрос ReadProcessMemory или WriteProcessMemory был выполнен только частично. (0x12B)
[0802/105937.926:ERROR:process_memory_win.cc(73)] ReadMemory at 0x9fe7b0 of 132 bytes failed: Запрос ReadProcessMemory или WriteProcessMemory был выполнен только частично. (0x12B)
[0802/105937.927:ERROR:process_memory_win.cc(73)] ReadMemory at 0x9fe8a0 of 132 bytes failed: Запрос ReadProcessMemory или WriteProcessMemory был выполнен только частично. (0x12B)
[0802/105937.927:ERROR:process_memory_win.cc(73)] ReadMemory at 0x9fe990 of 132 bytes failed: Запрос ReadProcessMemory или WriteProcessMemory был выполнен только частично. (0x12B)
[0802/105937.927:ERROR:process_memory_win.cc(73)] ReadMemory at 0x9fea80 of 132 bytes failed: Запрос ReadProcessMemory или WriteProcessMemory был выполнен только частично. (0x12B)
[0802/105937.927:ERROR:process_memory_win.cc(73)] ReadMemory at 0x9feb70 of 132 bytes failed: Запрос ReadProcessMemory или WriteProcessMemory был выполнен только частично. (0x12B)
[0802/105937.927:ERROR:process_memory_win.cc(73)] ReadMemory at 0x9fec60 of 132 bytes failed: Запрос ReadProcessMemory или WriteProcessMemory был выполнен только частично. (0x12B)
[0802/105937.928:ERROR:process_memory_win.cc(73)] ReadMemory at 0x9fed50 of 132 bytes failed: Запрос ReadProcessMemory или WriteProcessMemory был выполнен только частично. (0x12B)
[0802/105937.928:ERROR:process_memory_win.cc(73)] ReadMemory at 0x9fee40 of 132 bytes failed: Запрос ReadProcessMemory или WriteProcessMemory был выполнен только частично. (0x12B)
[0802/105937.928:ERROR:process_memory_win.cc(73)] ReadMemory at 0x9fef30 of 132 bytes failed: Запрос ReadProcessMemory или WriteProcessMemory был выполнен только частично. (0x12B)
[0802/105937.928:ERROR:process_memory_win.cc(73)] ReadMemory at 0x9ff020 of 132 bytes failed: Запрос ReadProcessMemory или WriteProcessMemory был выполнен только частично. (0x12B)
[0802/105937.928:ERROR:process_memory_win.cc(73)] ReadMemory at 0x9ff110 of 132 bytes failed: Запрос ReadProcessMemory или WriteProcessMemory был выполнен только частично. (0x12B)
[0802/105937.928:ERROR:process_memory_win.cc(73)] ReadMemory at 0x9ff200 of 132 bytes failed: Запрос ReadProcessMemory или WriteProcessMemory был выполнен только частично. (0x12B)
[0802/105937.928:ERROR:process_memory_win.cc(73)] ReadMemory at 0x9ff2f0 of 132 bytes failed: Запрос ReadProcessMemory или WriteProcessMemory был выполнен только частично. (0x12B)
[0802/105937.928:ERROR:process_memory_win.cc(73)] ReadMemory at 0x9ff3e0 of 132 bytes failed: Запрос ReadProcessMemory или WriteProcessMemory был выполнен только частично. (0x12B)
[0802/105937.929:ERROR:process_memory_win.cc(73)] ReadMemory at 0x9ff4d0 of 132 bytes failed: Запрос ReadProcessMemory или WriteProcessMemory был выполнен только частично. (0x12B)
[0802/105937.929:ERROR:process_memory_win.cc(73)] ReadMemory at 0x9ff5c0 of 132 bytes failed: Запрос ReadProcessMemory или WriteProcessMemory был выполнен только частично. (0x12B)
[0802/105937.929:ERROR:process_memory_win.cc(73)] ReadMemory at 0x9ff6b0 of 132 bytes failed: Запрос ReadProcessMemory или WriteProcessMemory был выполнен только частично. (0x12B)
[0802/105937.929:ERROR:process_memory_win.cc(73)] ReadMemory at 0x9ff7a0 of 132 bytes failed: Запрос ReadProcessMemory или WriteProcessMemory был выполнен только частично. (0x12B)
[0802/105937.929:ERROR:process_memory_win.cc(73)] ReadMemory at 0x9ff890 of 132 bytes failed: Запрос ReadProcessMemory или WriteProcessMemory был выполнен только частично. (0x12B)
[0802/105937.929:ERROR:process_memory_win.cc(73)] ReadMemory at 0x9ff980 of 132 bytes failed: Запрос ReadProcessMemory или WriteProcessMemory был выполнен только частично. (0x12B)
[0802/105937.929:ERROR:process_memory_win.cc(73)] ReadMemory at 0xa03660 of 130 bytes failed: Запрос ReadProcessMemory или WriteProcessMemory был выполнен только частично. (0x12B)
[0802/105937.942:ERROR:process_memory_win.cc(73)] ReadMemory at 0xa060a0 of 54 bytes failed: Запрос ReadProcessMemory или WriteProcessMemory был выполнен только частично. (0x12B)
[0802/105937.942:ERROR:process_memory_win.cc(73)] ReadMemory at 0xa07930 of 144 bytes failed: Запрос ReadProcessMemory или WriteProcessMemory был выполнен только частично. (0x12B)
[0802/105937.943:ERROR:process_memory_win.cc(73)] ReadMemory at 0xa0eee0 of 132 bytes failed: Запрос ReadProcessMemory или WriteProcessMemory был выполнен только частично. (0x12B)
[0802/105937.943:ERROR:process_memory_win.cc(73)] ReadMemory at 0xa0efd0 of 132 bytes failed: Запрос ReadProcessMemory или WriteProcessMemory был выполнен только частично. (0x12B)
[0802/105937.943:ERROR:process_memory_win.cc(73)] ReadMemory at 0xa397e0 of 512 bytes failed: Запрос ReadProcessMemory или WriteProcessMemory был выполнен только частично. (0x12B)
[0802/105937.944:ERROR:process_memory_win.cc(73)] ReadMemory at 0xa518e0 of 66 bytes failed: Запрос ReadProcessMemory или WriteProcessMemory был выполнен только частично. (0x12B)
[0802/105937.944:ERROR:process_memory_win.cc(73)] ReadMemory at 0xa6dbf0 of 512 bytes failed: Запрос ReadProcessMemory или WriteProcessMemory был выполнен только частично. (0x12B)
[0802/105937.944:ERROR:process_memory_win.cc(73)] ReadMemory at 0xa6e7c0 of 512 bytes failed: Запрос ReadProcessMemory или WriteProcessMemory был выполнен только частично. (0x12B)
[0802/105937.944:ERROR:process_memory_win.cc(73)] ReadMemory at 0xa70640 of 512 bytes failed: Запрос ReadProcessMemory или WriteProcessMemory был выполнен только частично. (0x12B)
[0802/105937.944:ERROR:process_memory_win.cc(73)] ReadMemory at 0xa729f0 of 512 bytes failed: Запрос ReadProcessMemory или WriteProcessMemory был выполнен только частично. (0x12B)
[0802/105937.945:ERROR:process_memory_win.cc(73)] ReadMemory at 0xa76910 of 512 bytes failed: Запрос ReadProcessMemory или WriteProcessMemory был выполнен только частично. (0x12B)
[0802/105937.990:ERROR:process_memory_win.cc(73)] ReadMemory at 0xa811c0 of 512 bytes failed: Запрос ReadProcessMemory или WriteProcessMemory был выполнен только частично. (0x12B)
[0802/105937.990:ERROR:process_memory_win.cc(73)] ReadMemory at 0xa82830 of 512 bytes failed: Запрос ReadProcessMemory или WriteProcessMemory был выполнен только частично. (0x12B)
[0802/105937.990:ERROR:process_memory_win.cc(73)] ReadMemory at 0xa890a0 of 512 bytes failed: Запрос ReadProcessMemory или WriteProcessMemory был выполнен только частично. (0x12B)
[0802/105937.990:ERROR:process_memory_win.cc(73)] ReadMemory at 0xa9fa80 of 712 bytes failed: Запрос ReadProcessMemory или WriteProcessMemory был выполнен только частично. (0x12B)
[0802/105937.990:ERROR:process_memory_win.cc(73)] ReadMemory at 0x1c9c300 of 512 bytes failed: Запрос ReadProcessMemory или WriteProcessMemory был выполнен только частично. (0x12B)
[0802/105937.991:ERROR:process_memory_win.cc(73)] ReadMemory at 0x1f10000 of 384 bytes failed: Запрос ReadProcessMemory или WriteProcessMemory был выполнен только частично. (0x12B)
[0802/105937.991:ERROR:process_memory_win.cc(73)] ReadMemory at 0x1f38f60 of 512 bytes failed: Запрос ReadProcessMemory или WriteProcessMemory был выполнен только частично. (0x12B)
[0802/105937.991:ERROR:process_memory_win.cc(73)] ReadMemory at 0x1f5f780 of 512 bytes failed: Запрос ReadProcessMemory или WriteProcessMemory был выполнен только частично. (0x12B)
[0802/105937.991:ERROR:process_memory_win.cc(73)] ReadMemory at 0x1f5f9a0 of 512 bytes failed: Запрос ReadProcessMemory или WriteProcessMemory был выполнен только частично. (0x12B)
[0802/105937.991:ERROR:process_memory_win.cc(73)] ReadMemory at 0x1f60fc0 of 512 bytes failed: Запрос ReadProcessMemory или WriteProcessMemory был выполнен только частично. (0x12B)
[0802/105937.991:ERROR:process_memory_win.cc(73)] ReadMemory at 0x1f69390 of 512 bytes failed: Запрос ReadProcessMemory или WriteProcessMemory был выполнен только частично. (0x12B)
[0802/105937.991:ERROR:process_memory_win.cc(73)] ReadMemory at 0x1f6ec20 of 544 bytes failed: Запрос ReadProcessMemory или WriteProcessMemory был выполнен только частично. (0x12B)
[0802/105937.991:ERROR:process_memory_win.cc(73)] ReadMemory at 0x1f7532f of 513 bytes failed: Запрос ReadProcessMemory или WriteProcessMemory был выполнен только частично. (0x12B)
[0802/105937.991:ERROR:process_memory_win.cc(73)] ReadMemory at 0x1f7b530 of 512 bytes failed: Запрос ReadProcessMemory или WriteProcessMemory был выполнен только частично. (0x12B)
[0802/105937.992:ERROR:process_memory_win.cc(73)] ReadMemory at 0x1f8022f of 513 bytes failed: Запрос ReadProcessMemory или WriteProcessMemory был выполнен только частично. (0x12B)
[0802/105937.992:ERROR:process_memory_win.cc(73)] ReadMemory at 0x1f8229f of 513 bytes failed: Запрос ReadProcessMemory или WriteProcessMemory был выполнен только частично. (0x12B)
[0802/105937.992:ERROR:process_memory_win.cc(73)] ReadMemory at 0x1f84b10 of 528 bytes failed: Запрос ReadProcessMemory или WriteProcessMemory был выполнен только частично. (0x12B)
[0802/105937.992:ERROR:process_memory_win.cc(73)] ReadMemory at 0x1fa23fe of 512 bytes failed: Запрос ReadProcessMemory или WriteProcessMemory был выполнен только частично. (0x12B)
[0802/105938.062:ERROR:process_memory_win.cc(73)] ReadMemory at 0x1fa3400 of 512 bytes failed: Запрос ReadProcessMemory или WriteProcessMemory был выполнен только частично. (0x12B)
[0802/105938.072:ERROR:process_memory_win.cc(73)] ReadMemory at 0x200d3f0 of 512 bytes failed: Запрос ReadProcessMemory или WriteProcessMemory был выполнен только частично. (0x12B)
[0802/105938.072:ERROR:process_memory_win.cc(73)] ReadMemory at 0x77c1ae70 of 512 bytes failed: Запрос ReadProcessMemory или WriteProcessMemory был выполнен только частично. (0x12B)
[0802/105938.072:ERROR:process_memory_win.cc(73)] ReadMemory at 0x77c1fb70 of 512 bytes failed: Запрос ReadProcessMemory или WriteProcessMemory был выполнен только частично. (0x12B)
[0802/105938.072:ERROR:process_memory_win.cc(73)] ReadMemory at 0x77c5127a of 592 bytes failed: Запрос ReadProcessMemory или WriteProcessMemory был выполнен только частично. (0x12B)
[0802/105938.072:ERROR:process_memory_win.cc(73)] ReadMemory at 0x77c517ea of 512 bytes failed: Запрос ReadProcessMemory или WriteProcessMemory был выполнен только частично. (0x12B)
[0802/105938.072:ERROR:process_memory_win.cc(73)] ReadMemory at 0x77c52b2a of 528 bytes failed: Запрос ReadProcessMemory или WriteProcessMemory был выполнен только частично. (0x12B)
[0802/105938.072:ERROR:process_memory_win.cc(73)] ReadMemory at 0x77d04460 of 816 bytes failed: Запрос ReadProcessMemory или WriteProcessMemory был выполнен только частично. (0x12B)
[0802/105938.072:ERROR:process_memory_win.cc(73)] ReadMemory at 0x77d15418 of 18 bytes failed: Запрос ReadProcessMemory или WriteProcessMemory был выполнен только частично. (0x12B)
[0802/105938.072:ERROR:process_memory_win.cc(73)] ReadMemory at 0x77d32640 of 64 bytes failed: Запрос ReadProcessMemory или WriteProcessMemory был выполнен только частично. (0x12B)
[0802/105938.072:ERROR:process_memory_win.cc(73)] ReadMemory at 0x77d37100 of 48 bytes failed: Запрос ReadProcessMemory или WriteProcessMemory был выполнен только частично. (0x12B)
[0802/105938.072:ERROR:process_memory_win.cc(73)] ReadMemory at 0x77d37490 of 40 bytes failed: Запрос ReadProcessMemory или WriteProcessMemory был выполнен только частично. (0x12B)
[0802/105938.072:ERROR:process_memory_win.cc(73)] ReadMemory at 0x7fee8eb70e2 of 512 bytes failed: Запрос ReadProcessMemory или WriteProcessMemory был выполнен только частично. (0x12B)
[0802/105938.072:ERROR:process_memory_win.cc(73)] ReadMemory at 0x7feeb0275de of 512 bytes failed: Запрос ReadProcessMemory или WriteProcessMemory был выполнен только частично. (0x12B)
[0802/105938.072:ERROR:process_memory_win.cc(73)] ReadMemory at 0x7feeb0a3900 of 512 bytes failed: Запрос ReadProcessMemory или WriteProcessMemory был выполнен только частично. (0x12B)
[0802/105938.072:ERROR:process_memory_win.cc(73)] ReadMemory at 0x7feeb135d20 of 512 bytes failed: Запрос ReadProcessMemory или WriteProcessMemory был выполнен только частично. (0x12B)
[0802/105938.072:ERROR:process_memory_win.cc(73)] ReadMemory at 0x7feebb8bf30 of 512 bytes failed: Запрос ReadProcessMemory или WriteProcessMemory был выполнен только частично. (0x12B)
[0802/105938.072:ERROR:process_memory_win.cc(73)] ReadMemory at 0x7feebb95610 of 512 bytes failed: Запрос ReadProcessMemory или WriteProcessMemory был выполнен только частично. (0x12B)
[0802/105938.072:ERROR:process_memory_win.cc(73)] ReadMemory at 0x7feec2423c8 of 512 bytes failed: Запрос ReadProcessMemory или WriteProcessMemory был выполнен только частично. (0x12B)
[0802/105938.072:ERROR:process_memory_win.cc(73)] ReadMemory at 0x7feef9a79b3 of 512 bytes failed: Запрос ReadProcessMemory или WriteProcessMemory был выполнен только частично. (0x12B)
[0802/105938.072:ERROR:process_memory_win.cc(73)] ReadMemory at 0x7feef9a81a0 of 512 bytes failed: Запрос ReadProcessMemory или WriteProcessMemory был выполнен только частично. (0x12B)
[0802/105938.072:ERROR:process_memory_win.cc(73)] ReadMemory at 0x7feef9ba376 of 512 bytes failed: Запрос ReadProcessMemory или WriteProcessMemory был выполнен только частично. (0x12B)
[0802/105938.072:ERROR:process_memory_win.cc(73)] ReadMemory at 0x7fffff9c000 of 6024 bytes failed: Запрос ReadProcessMemory или WriteProcessMemory был выполнен только частично. (0x12B)
[0802/105938.072:ERROR:process_memory_win.cc(73)] ReadMemory at 0x7fffff9e000 of 6024 bytes failed: Запрос ReadProcessMemory или WriteProcessMemory был выполнен только частично. (0x12B)
[0802/105938.072:ERROR:process_memory_win.cc(73)] ReadMemory at 0x7fffffa0000 of 6024 bytes failed: Запрос ReadProcessMemory или WriteProcessMemory был выполнен только частично. (0x12B)
[0802/105938.072:ERROR:process_memory_win.cc(73)] ReadMemory at 0x7fffffa2000 of 6024 bytes failed: Запрос ReadProcessMemory или WriteProcessMemory был выполнен только частично. (0x12B)
[0802/105938.072:ERROR:process_memory_win.cc(73)] ReadMemory at 0x7fffffa4000 of 6024 bytes failed: Запрос ReadProcessMemory или WriteProcessMemory был выполнен только частично. (0x12B)
[0802/105938.072:ERROR:process_memory_win.cc(73)] ReadMemory at 0x7fffffa6000 of 6024 bytes failed: Запрос ReadProcessMemory или WriteProcessMemory был выполнен только частично. (0x12B)
[0802/105938.072:ERROR:process_memory_win.cc(73)] ReadMemory at 0x7fffffa8000 of 6024 bytes failed: Запрос ReadProcessMemory или WriteProcessMemory был выполнен только частично. (0x12B)
[0802/105938.072:ERROR:process_memory_win.cc(73)] ReadMemory at 0x7fffffaa000 of 6024 bytes failed: Запрос ReadProcessMemory или WriteProcessMemory был выполнен только частично. (0x12B)
[0802/105938.072:ERROR:process_memory_win.cc(73)] ReadMemory at 0x7fffffac000 of 6024 bytes failed: Запрос ReadProcessMemory или WriteProcessMemory был выполнен только частично. (0x12B)
[0802/105938.072:ERROR:process_memory_win.cc(73)] ReadMemory at 0x7fffffae000 of 6024 bytes failed: Запрос ReadProcessMemory или WriteProcessMemory был выполнен только частично. (0x12B)
[0802/105938.072:ERROR:process_memory_win.cc(73)] ReadMemory at 0x7fffffd4000 of 6024 bytes failed: Запрос ReadProcessMemory или WriteProcessMemory был выполнен только частично. (0x12B)
[0802/105938.072:ERROR:process_memory_win.cc(73)] ReadMemory at 0x7fffffd6000 of 6024 bytes failed: Запрос ReadProcessMemory или WriteProcessMemory был выполнен только частично. (0x12B)
[0802/105938.072:ERROR:process_memory_win.cc(73)] ReadMemory at 0x7fffffd8000 of 6024 bytes failed: Запрос ReadProcessMemory или WriteProcessMemory был выполнен только частично. (0x12B)
[0802/105938.072:ERROR:process_memory_win.cc(73)] ReadMemory at 0x7fffffda000 of 852 bytes failed: Запрос ReadProcessMemory или WriteProcessMemory был выполнен только частично. (0x12B)
[0802/105938.072:ERROR:process_memory_win.cc(73)] ReadMemory at 0x7fffffdc000 of 6024 bytes failed: Запрос ReadProcessMemory или WriteProcessMemory был выполнен только частично. (0x12B)
[0802/105938.072:ERROR:process_memory_win.cc(73)] ReadMemory at 0x7fffffde000 of 6024 bytes failed: Запрос ReadProcessMemory или WriteProcessMemory был выполнен только частично. (0x12B)
[0802/105938.122:ERROR:scoped_process_suspend.cc(40)] NtResumeProcess: Попытка доступа к процессу, выполняющему процедуру завершения. (0xc000010a)
